::1 - - [12/May/2022:07:24:04 +0000] "GET /api/v1/users HTTP/1.1" 304 -
::1 - - [12/May/2022:07:35:13 +0000] "GET /api/v1/users/627c0f79c61f9f52887890df HTTP/1.1" 304 -
::1 - - [12/May/2022:07:35:16 +0000] "OPTIONS /api/v1/users/627c0f79c61f9f52887890df HTTP/1.1" 204 0
::1 - - [12/May/2022:07:35:16 +0000] "PUT /api/v1/users/627c0f79c61f9f52887890df HTTP/1.1" 200 31
::1 - - [12/May/2022:07:35:16 +0000] "GET /api/v1/users HTTP/1.1" 304 -
::1 - - [12/May/2022:07:35:18 +0000] "GET /api/v1/users/627c0f79c61f9f52887890df HTTP/1.1" 200 129
::1 - - [12/May/2022:07:35:20 +0000] "GET /api/v1/users HTTP/1.1" 304 -
::1 - - [12/May/2022:07:38:32 +0000] "OPTIONS /api/v1/users HTTP/1.1" 204 0
::1 - - [12/May/2022:07:38:32 +0000] "POST /api/v1/users HTTP/1.1" 200 152
::1 - - [12/May/2022:07:38:32 +0000] "GET /api/v1/users HTTP/1.1" 200 1091
::1 - - [12/May/2022:07:40:40 +0000] "OPTIONS /api/v1/users/627cb978ec35560adc10bbae HTTP/1.1" 204 0
::1 - - [12/May/2022:07:40:40 +0000] "DELETE /api/v1/users/627cb978ec35560adc10bbae HTTP/1.1" 200 31
::1 - - [12/May/2022:07:40:40 +0000] "GET /api/v1/users HTTP/1.1" 200 947
::1 - - [12/May/2022:07:48:29 +0000] "GET /api/v1/users/627c0f79c61f9f52887890df HTTP/1.1" 304 -
::1 - - [12/May/2022:07:48:31 +0000] "GET /api/v1/users HTTP/1.1" 304 -
::1 - - [12/May/2022:07:48:33 +0000] "GET /api/v1/users/627c0ff2c61f9f52887890e8 HTTP/1.1" 200 134
::1 - - [12/May/2022:07:48:35 +0000] "GET /api/v1/users HTTP/1.1" 304 -
::1 - - [12/May/2022:09:28:08 +0000] "GET /api/v1/users HTTP/1.1" 304 -
::1 - - [12/May/2022:09:28:41 +0000] "GET /api/v1/users HTTP/1.1" 304 -
::1 - - [12/May/2022:09:28:43 +0000] "GET /api/v1/users/627c0f79c61f9f52887890df HTTP/1.1" 304 -
::1 - - [12/May/2022:09:28:46 +0000] "GET /api/v1/users HTTP/1.1" 304 -
::1 - - [12/May/2022:09:28:54 +0000] "GET /api/v1/users/627c0f79c61f9f52887890df HTTP/1.1" 304 -
::1 - - [12/May/2022:09:29:00 +0000] "GET /api/v1/users HTTP/1.1" 304 -
::1 - - [12/May/2022:09:29:07 +0000] "GET /api/v1/users HTTP/1.1" 304 -
::1 - - [12/May/2022:15:38:34 +0000] "GET /api/v1/users HTTP/1.1" 304 -
::1 - - [12/May/2022:15:39:26 +0000] "GET /api/v1/users HTTP/1.1" 304 -
::1 - - [12/May/2022:15:40:08 +0000] "GET /api/v1/users HTTP/1.1" 304 -
