::1 - - [11/May/2022:08:33:40 +0000] "OPTIONS /api/v1/users HTTP/1.1" 204 0
::1 - - [11/May/2022:08:33:40 +0000] "POST /api/v1/users HTTP/1.1" 200 148
::1 - - [11/May/2022:08:33:40 +0000] "GET /api/v1/users HTTP/1.1" 200 141
::1 - - [11/May/2022:08:35:15 +0000] "GET /api/v1/users HTTP/1.1" 304 -
::1 - - [11/May/2022:08:35:31 +0000] "GET /api/v1/users HTTP/1.1" 304 -
::1 - - [11/May/2022:08:35:36 +0000] "GET /api/v1/users HTTP/1.1" 304 -
::1 - - [11/May/2022:08:35:43 +0000] "GET /api/v1/users HTTP/1.1" 304 -
::1 - - [11/May/2022:08:35:46 +0000] "GET /api/v1/users HTTP/1.1" 304 -
::1 - - [11/May/2022:08:35:49 +0000] "GET /api/v1/users HTTP/1.1" 304 -
::1 - - [11/May/2022:08:36:09 +0000] "GET /api/v1/users HTTP/1.1" 304 -
::1 - - [11/May/2022:08:36:35 +0000] "GET /api/v1/users HTTP/1.1" 304 -
::1 - - [11/May/2022:08:36:40 +0000] "GET /api/v1/users HTTP/1.1" 304 -
::1 - - [11/May/2022:08:38:32 +0000] "GET /api/v1/users HTTP/1.1" 304 -
::1 - - [11/May/2022:08:38:33 +0000] "GET /api/v1/users HTTP/1.1" 304 -
::1 - - [11/May/2022:08:38:38 +0000] "GET /api/v1/users HTTP/1.1" 304 -
::1 - - [11/May/2022:08:38:41 +0000] "GET /api/v1/users HTTP/1.1" 304 -
::1 - - [11/May/2022:08:38:42 +0000] "GET /api/v1/users HTTP/1.1" 304 -
::1 - - [11/May/2022:08:38:44 +0000] "GET /api/v1/users HTTP/1.1" 304 -
::1 - - [11/May/2022:08:39:07 +0000] "GET /api/v1/users HTTP/1.1" 304 -
::1 - - [11/May/2022:08:39:11 +0000] "GET /api/v1/users HTTP/1.1" 304 -
::1 - - [11/May/2022:08:39:54 +0000] "GET /api/v1/users HTTP/1.1" 304 -
::1 - - [11/May/2022:08:42:57 +0000] "GET /api/v1/users HTTP/1.1" 304 -
::1 - - [11/May/2022:08:46:12 +0000] "GET /api/v1/users HTTP/1.1" 304 -
::1 - - [11/May/2022:08:46:13 +0000] "GET /api/v1/users HTTP/1.1" 304 -
::1 - - [11/May/2022:08:46:16 +0000] "GET /api/v1/users HTTP/1.1" 304 -
::1 - - [11/May/2022:08:46:23 +0000] "GET /api/v1/users HTTP/1.1" 304 -
::1 - - [11/May/2022:08:46:27 +0000] "GET /api/v1/users HTTP/1.1" 304 -
::1 - - [11/May/2022:08:46:33 +0000] "GET /api/v1/users HTTP/1.1" 304 -
::1 - - [11/May/2022:08:46:42 +0000] "GET /api/v1/users HTTP/1.1" 304 -
::1 - - [11/May/2022:08:47:15 +0000] "GET /api/v1/users HTTP/1.1" 304 -
::1 - - [11/May/2022:08:47:16 +0000] "GET /api/v1/users HTTP/1.1" 304 -
::1 - - [11/May/2022:08:47:19 +0000] "GET /api/v1/users HTTP/1.1" 304 -
::1 - - [11/May/2022:08:47:28 +0000] "GET /api/v1/users HTTP/1.1" 304 -
::1 - - [11/May/2022:08:47:37 +0000] "GET /api/v1/users HTTP/1.1" 304 -
::1 - - [11/May/2022:08:48:50 +0000] "GET /api/v1/users HTTP/1.1" 304 -
::1 - - [11/May/2022:08:55:42 +0000] "OPTIONS /api/v1/users HTTP/1.1" 204 0
::1 - - [11/May/2022:08:55:42 +0000] "POST /api/v1/users HTTP/1.1" 200 158
::1 - - [11/May/2022:08:55:42 +0000] "GET /api/v1/users HTTP/1.1" 200 291
::1 - - [11/May/2022:08:55:46 +0000] "OPTIONS /api/v1/users/627b74e4d6704d5a140c61c7 HTTP/1.1" 204 0
::1 - - [11/May/2022:08:55:46 +0000] "DELETE /api/v1/users/627b74e4d6704d5a140c61c7 HTTP/1.1" 200 31
::1 - - [11/May/2022:08:55:46 +0000] "GET /api/v1/users HTTP/1.1" 200 151
::1 - - [11/May/2022:08:58:15 +0000] "GET /api/v1/users HTTP/1.1" 304 -
::1 - - [11/May/2022:08:58:18 +0000] "GET /api/v1/users HTTP/1.1" 304 -
::1 - - [11/May/2022:08:58:20 +0000] "GET /api/v1/users HTTP/1.1" 304 -
::1 - - [11/May/2022:08:58:30 +0000] "GET /api/v1/users HTTP/1.1" 304 -
::1 - - [11/May/2022:08:58:37 +0000] "GET /api/v1/users HTTP/1.1" 304 -
::1 - - [11/May/2022:08:58:40 +0000] "GET /api/v1/users HTTP/1.1" 304 -
::1 - - [11/May/2022:09:00:57 +0000] "GET /api/v1/users HTTP/1.1" 304 -
::1 - - [11/May/2022:09:02:59 +0000] "GET /api/v1/users HTTP/1.1" 304 -
::1 - - [11/May/2022:09:03:12 +0000] "GET /api/v1/users/627b7a0e3660035964fb65ee HTTP/1.1" 200 149
::1 - - [11/May/2022:09:03:18 +0000] "GET /api/v1/users HTTP/1.1" 304 -
::1 - - [11/May/2022:09:03:20 +0000] "GET /api/v1/users/627b7a0e3660035964fb65ee HTTP/1.1" 304 -
::1 - - [11/May/2022:09:03:21 +0000] "GET /api/v1/users HTTP/1.1" 304 -
::1 - - [11/May/2022:09:03:28 +0000] "GET /api/v1/users/627b7a0e3660035964fb65ee HTTP/1.1" 304 -
::1 - - [11/May/2022:09:03:30 +0000] "GET /api/v1/users HTTP/1.1" 304 -
::1 - - [11/May/2022:09:04:09 +0000] "OPTIONS /api/v1/users HTTP/1.1" 204 0
::1 - - [11/May/2022:09:04:09 +0000] "POST /api/v1/users HTTP/1.1" 200 149
::1 - - [11/May/2022:09:04:09 +0000] "GET /api/v1/users HTTP/1.1" 200 292
::1 - - [11/May/2022:09:04:52 +0000] "OPTIONS /api/v1/users/627b7c093660035964fb6601 HTTP/1.1" 204 0
::1 - - [11/May/2022:09:04:52 +0000] "DELETE /api/v1/users/627b7c093660035964fb6601 HTTP/1.1" 200 31
::1 - - [11/May/2022:09:04:52 +0000] "GET /api/v1/users HTTP/1.1" 200 151
::1 - - [11/May/2022:09:05:52 +0000] "GET /api/v1/users HTTP/1.1" 304 -
::1 - - [11/May/2022:09:05:54 +0000] "GET /api/v1/users/627b7a0e3660035964fb65ee HTTP/1.1" 304 -
::1 - - [11/May/2022:09:05:58 +0000] "GET /api/v1/users HTTP/1.1" 304 -
::1 - - [11/May/2022:09:06:36 +0000] "GET /api/v1/users/627b7a0e3660035964fb65ee HTTP/1.1" 304 -
::1 - - [11/May/2022:09:07:19 +0000] "GET /api/v1/users/627b7a0e3660035964fb65ee HTTP/1.1" 304 -
::1 - - [11/May/2022:09:07:36 +0000] "GET /api/v1/users HTTP/1.1" 304 -
::1 - - [11/May/2022:09:07:54 +0000] "OPTIONS /api/v1/users/627b7a0e3660035964fb65ee HTTP/1.1" 204 0
::1 - - [11/May/2022:09:07:54 +0000] "DELETE /api/v1/users/627b7a0e3660035964fb65ee HTTP/1.1" 200 31
::1 - - [11/May/2022:09:07:54 +0000] "GET /api/v1/users HTTP/1.1" 200 2
::1 - - [11/May/2022:09:09:31 +0000] "GET /api/v1/users HTTP/1.1" 304 -
::1 - - [11/May/2022:09:09:44 +0000] "OPTIONS /api/v1/users HTTP/1.1" 204 0
::1 - - [11/May/2022:09:09:44 +0000] "POST /api/v1/users HTTP/1.1" 200 145
::1 - - [11/May/2022:09:09:44 +0000] "GET /api/v1/users HTTP/1.1" 200 138
::1 - - [11/May/2022:09:09:47 +0000] "GET /api/v1/users/627b7d583660035964fb660f HTTP/1.1" 200 136
::1 - - [11/May/2022:09:11:04 +0000] "GET /api/v1/users/627b7d583660035964fb660f HTTP/1.1" 304 -
::1 - - [11/May/2022:09:11:10 +0000] "GET /api/v1/users/627b7d583660035964fb660f HTTP/1.1" 304 -
::1 - - [11/May/2022:09:11:28 +0000] "GET /api/v1/users HTTP/1.1" 304 -
::1 - - [11/May/2022:09:11:46 +0000] "GET /api/v1/users/627b7d583660035964fb660f HTTP/1.1" 304 -
::1 - - [11/May/2022:09:11:50 +0000] "GET /api/v1/users HTTP/1.1" 304 -
::1 - - [11/May/2022:09:13:26 +0000] "OPTIONS /api/v1/users/627b7d583660035964fb660f HTTP/1.1" 204 0
::1 - - [11/May/2022:09:13:26 +0000] "DELETE /api/v1/users/627b7d583660035964fb660f HTTP/1.1" 200 31
::1 - - [11/May/2022:09:13:26 +0000] "GET /api/v1/users HTTP/1.1" 200 2
::1 - - [11/May/2022:09:16:11 +0000] "GET /api/v1/users HTTP/1.1" 304 -
::1 - - [11/May/2022:09:16:15 +0000] "GET /api/v1/users HTTP/1.1" 304 -
::1 - - [11/May/2022:09:16:28 +0000] "OPTIONS /api/v1/users HTTP/1.1" 204 0
::1 - - [11/May/2022:09:16:28 +0000] "POST /api/v1/users HTTP/1.1" 200 141
::1 - - [11/May/2022:09:16:28 +0000] "GET /api/v1/users HTTP/1.1" 200 134
::1 - - [11/May/2022:09:16:49 +0000] "OPTIONS /api/v1/users/627b7eec3660035964fb661c HTTP/1.1" 204 0
::1 - - [11/May/2022:09:16:49 +0000] "DELETE /api/v1/users/627b7eec3660035964fb661c HTTP/1.1" 200 31
::1 - - [11/May/2022:09:16:49 +0000] "GET /api/v1/users HTTP/1.1" 200 2
::1 - - [11/May/2022:18:58:52 +0000] "GET /api/v1/users HTTP/1.1" 304 -
::1 - - [11/May/2022:18:59:03 +0000] "OPTIONS /api/v1/users HTTP/1.1" 204 0
::1 - - [11/May/2022:18:59:03 +0000] "POST /api/v1/users HTTP/1.1" 200 145
::1 - - [11/May/2022:18:59:04 +0000] "GET /api/v1/users HTTP/1.1" 200 138
::1 - - [11/May/2022:19:11:18 +0000] "GET /api/v1/users HTTP/1.1" 304 -
::1 - - [11/May/2022:19:11:36 +0000] "GET /api/v1/users HTTP/1.1" 304 -
::1 - - [11/May/2022:19:12:03 +0000] "GET /api/v1/users HTTP/1.1" 304 -
::1 - - [11/May/2022:19:12:21 +0000] "GET /api/v1/users HTTP/1.1" 304 -
::1 - - [11/May/2022:19:12:22 +0000] "GET /api/v1/users HTTP/1.1" 304 -
::1 - - [11/May/2022:19:12:56 +0000] "GET /api/v1/users HTTP/1.1" 304 -
::1 - - [11/May/2022:19:13:01 +0000] "GET /api/v1/users HTTP/1.1" 304 -
::1 - - [11/May/2022:19:13:04 +0000] "GET /api/v1/users/627c0777c61f9f52887890ad HTTP/1.1" 200 136
::1 - - [11/May/2022:19:13:09 +0000] "GET /api/v1/users HTTP/1.1" 304 -
::1 - - [11/May/2022:19:13:45 +0000] "GET /api/v1/users HTTP/1.1" 304 -
::1 - - [11/May/2022:19:13:52 +0000] "GET /api/v1/users HTTP/1.1" 304 -
::1 - - [11/May/2022:19:14:10 +0000] "GET /api/v1/users HTTP/1.1" 304 -
::1 - - [11/May/2022:19:14:15 +0000] "GET /api/v1/users HTTP/1.1" 304 -
::1 - - [11/May/2022:19:14:22 +0000] "GET /api/v1/users/627c0777c61f9f52887890ad HTTP/1.1" 304 -
::1 - - [11/May/2022:19:14:27 +0000] "GET /api/v1/users HTTP/1.1" 304 -
::1 - - [11/May/2022:19:14:28 +0000] "GET /api/v1/users/627c0777c61f9f52887890ad HTTP/1.1" 304 -
::1 - - [11/May/2022:19:14:31 +0000] "OPTIONS /api/v1/users/627c0777c61f9f52887890ad HTTP/1.1" 204 0
::1 - - [11/May/2022:19:14:31 +0000] "PUT /api/v1/users/627c0777c61f9f52887890ad HTTP/1.1" 200 31
::1 - - [11/May/2022:19:14:31 +0000] "GET /api/v1/users HTTP/1.1" 304 -
::1 - - [11/May/2022:19:14:33 +0000] "DELETE /api/v1/users/627c0777c61f9f52887890ad HTTP/1.1" 200 31
::1 - - [11/May/2022:19:14:33 +0000] "GET /api/v1/users HTTP/1.1" 200 2
::1 - - [11/May/2022:19:14:44 +0000] "GET /api/v1/users HTTP/1.1" 304 -
::1 - - [11/May/2022:19:23:35 +0000] "GET /api/v1/users HTTP/1.1" 304 -
::1 - - [11/May/2022:19:25:26 +0000] "GET /api/v1/users HTTP/1.1" 304 -
::1 - - [11/May/2022:19:25:30 +0000] "GET /api/v1/users HTTP/1.1" 304 -
::1 - - [11/May/2022:19:25:32 +0000] "GET /api/v1/users HTTP/1.1" 304 -
::1 - - [11/May/2022:19:26:27 +0000] "GET /api/v1/users HTTP/1.1" 304 -
::1 - - [11/May/2022:19:26:47 +0000] "GET /api/v1/users HTTP/1.1" 304 -
::1 - - [11/May/2022:19:26:52 +0000] "GET /api/v1/users HTTP/1.1" 304 -
::1 - - [11/May/2022:19:26:57 +0000] "GET /api/v1/users HTTP/1.1" 304 -
::1 - - [11/May/2022:19:27:31 +0000] "GET /api/v1/users HTTP/1.1" 304 -
::1 - - [11/May/2022:19:28:16 +0000] "GET /api/v1/users HTTP/1.1" 304 -
::1 - - [11/May/2022:19:28:25 +0000] "OPTIONS /api/v1/users HTTP/1.1" 204 0
::1 - - [11/May/2022:19:28:25 +0000] "POST /api/v1/users HTTP/1.1" 200 145
::1 - - [11/May/2022:19:28:25 +0000] "GET /api/v1/users HTTP/1.1" 200 138
::1 - - [11/May/2022:19:28:27 +0000] "GET /api/v1/users/627c0e59c61f9f52887890cf HTTP/1.1" 200 136
::1 - - [11/May/2022:19:28:30 +0000] "GET /api/v1/users HTTP/1.1" 304 -
::1 - - [11/May/2022:19:28:32 +0000] "GET /api/v1/users/627c0e59c61f9f52887890cf HTTP/1.1" 304 -
::1 - - [11/May/2022:19:28:58 +0000] "GET /api/v1/users/627c0e59c61f9f52887890cf HTTP/1.1" 304 -
::1 - - [11/May/2022:19:29:02 +0000] "GET /api/v1/users/627c0e59c61f9f52887890cf HTTP/1.1" 304 -
::1 - - [11/May/2022:19:29:07 +0000] "GET /api/v1/users/627c0e59c61f9f52887890cf HTTP/1.1" 304 -
::1 - - [11/May/2022:19:29:20 +0000] "GET /api/v1/users/627c0e59c61f9f52887890cf HTTP/1.1" 304 -
::1 - - [11/May/2022:19:29:52 +0000] "GET /api/v1/users/627c0e59c61f9f52887890cf HTTP/1.1" 304 -
::1 - - [11/May/2022:19:29:57 +0000] "GET /api/v1/users/627c0e59c61f9f52887890cf HTTP/1.1" 304 -
::1 - - [11/May/2022:19:30:00 +0000] "GET /api/v1/users/627c0e59c61f9f52887890cf HTTP/1.1" 304 -
::1 - - [11/May/2022:19:30:02 +0000] "GET /api/v1/users HTTP/1.1" 304 -
::1 - - [11/May/2022:19:30:20 +0000] "OPTIONS /api/v1/users/627c0e59c61f9f52887890cf HTTP/1.1" 204 0
::1 - - [11/May/2022:19:30:20 +0000] "DELETE /api/v1/users/627c0e59c61f9f52887890cf HTTP/1.1" 200 31
::1 - - [11/May/2022:19:30:20 +0000] "GET /api/v1/users HTTP/1.1" 200 2
::1 - - [11/May/2022:19:33:13 +0000] "OPTIONS /api/v1/users HTTP/1.1" 204 0
::1 - - [11/May/2022:19:33:13 +0000] "POST /api/v1/users HTTP/1.1" 200 141
::1 - - [11/May/2022:19:33:13 +0000] "GET /api/v1/users HTTP/1.1" 200 134
::1 - - [11/May/2022:19:33:55 +0000] "OPTIONS /api/v1/users HTTP/1.1" 204 0
::1 - - [11/May/2022:19:33:55 +0000] "POST /api/v1/users HTTP/1.1" 200 146
::1 - - [11/May/2022:19:33:55 +0000] "GET /api/v1/users HTTP/1.1" 200 272
::1 - - [11/May/2022:19:34:37 +0000] "OPTIONS /api/v1/users HTTP/1.1" 204 0
::1 - - [11/May/2022:19:34:38 +0000] "POST /api/v1/users HTTP/1.1" 200 141
::1 - - [11/May/2022:19:34:38 +0000] "GET /api/v1/users HTTP/1.1" 200 405
::1 - - [11/May/2022:19:35:14 +0000] "OPTIONS /api/v1/users HTTP/1.1" 204 0
::1 - - [11/May/2022:19:35:14 +0000] "POST /api/v1/users HTTP/1.1" 200 143
::1 - - [11/May/2022:19:35:14 +0000] "GET /api/v1/users HTTP/1.1" 200 540
::1 - - [11/May/2022:19:36:18 +0000] "OPTIONS /api/v1/users HTTP/1.1" 204 0
::1 - - [11/May/2022:19:36:18 +0000] "POST /api/v1/users HTTP/1.1" 200 150
::1 - - [11/May/2022:19:36:18 +0000] "GET /api/v1/users HTTP/1.1" 200 682
::1 - - [11/May/2022:19:37:11 +0000] "OPTIONS /api/v1/users HTTP/1.1" 204 0
::1 - - [11/May/2022:19:37:11 +0000] "POST /api/v1/users HTTP/1.1" 200 142
::1 - - [11/May/2022:19:37:11 +0000] "GET /api/v1/users HTTP/1.1" 200 816
::1 - - [11/May/2022:19:37:13 +0000] "GET /api/v1/users/627c1067c61f9f52887890ee HTTP/1.1" 200 133
::1 - - [11/May/2022:19:37:20 +0000] "OPTIONS /api/v1/users/627c1067c61f9f52887890ee HTTP/1.1" 204 0
::1 - - [11/May/2022:19:37:20 +0000] "PUT /api/v1/users/627c1067c61f9f52887890ee HTTP/1.1" 200 31
::1 - - [11/May/2022:19:37:20 +0000] "GET /api/v1/users HTTP/1.1" 200 817
::1 - - [11/May/2022:19:42:29 +0000] "OPTIONS /api/v1/users HTTP/1.1" 204 0
::1 - - [11/May/2022:19:42:29 +0000] "POST /api/v1/users HTTP/1.1" 200 143
::1 - - [11/May/2022:19:42:29 +0000] "GET /api/v1/users HTTP/1.1" 200 952
::1 - - [11/May/2022:19:49:45 +0000] "GET /api/v1/users HTTP/1.1" 304 -
::1 - - [11/May/2022:19:49:53 +0000] "OPTIONS /api/v1/users/627c11a5327b59197cad144d HTTP/1.1" 204 0
::1 - - [11/May/2022:19:49:53 +0000] "DELETE /api/v1/users/627c11a5327b59197cad144d HTTP/1.1" 200 31
::1 - - [11/May/2022:19:49:53 +0000] "GET /api/v1/users HTTP/1.1" 200 817
::1 - - [11/May/2022:19:51:55 +0000] "OPTIONS /api/v1/users HTTP/1.1" 204 0
::1 - - [11/May/2022:19:51:55 +0000] "POST /api/v1/users HTTP/1.1" 200 141
::1 - - [11/May/2022:19:51:55 +0000] "GET /api/v1/users HTTP/1.1" 200 950
::1 - - [11/May/2022:19:55:21 +0000] "GET /api/v1/users HTTP/1.1" 304 -
::1 - - [11/May/2022:19:55:48 +0000] "OPTIONS /api/v1/users HTTP/1.1" 204 0
::1 - - [11/May/2022:19:55:48 +0000] "POST /api/v1/users HTTP/1.1" 200 83
::1 - - [11/May/2022:19:55:48 +0000] "GET /api/v1/users HTTP/1.1" 200 1025
::1 - - [11/May/2022:20:00:27 +0000] "GET /api/v1/users/627c14c433475503c4169922 HTTP/1.1" 200 74
::1 - - [11/May/2022:20:00:35 +0000] "OPTIONS /api/v1/users/627c14c433475503c4169922 HTTP/1.1" 204 0
::1 - - [11/May/2022:20:00:35 +0000] "PUT /api/v1/users/627c14c433475503c4169922 HTTP/1.1" 200 31
::1 - - [11/May/2022:20:00:35 +0000] "GET /api/v1/users HTTP/1.1" 200 1083
::1 - - [11/May/2022:20:01:43 +0000] "OPTIONS /api/v1/users/627c14c433475503c4169922 HTTP/1.1" 204 0
::1 - - [11/May/2022:20:01:43 +0000] "DELETE /api/v1/users/627c14c433475503c4169922 HTTP/1.1" 200 31
::1 - - [11/May/2022:20:01:43 +0000] "GET /api/v1/users HTTP/1.1" 200 950
::1 - - [11/May/2022:20:09:06 +0000] "GET /api/v1/users HTTP/1.1" 304 -
::1 - - [11/May/2022:20:18:23 +0000] "GET /api/v1/users HTTP/1.1" 304 -
::1 - - [11/May/2022:20:18:26 +0000] "GET /api/v1/users HTTP/1.1" 304 -
::1 - - [11/May/2022:20:20:44 +0000] "GET /api/v1/users/627c0f79c61f9f52887890df HTTP/1.1" 200 132
::1 - - [11/May/2022:20:21:22 +0000] "OPTIONS /api/v1/users/627c0f79c61f9f52887890df HTTP/1.1" 204 0
::1 - - [11/May/2022:20:21:22 +0000] "PUT /api/v1/users/627c0f79c61f9f52887890df HTTP/1.1" 200 31
::1 - - [11/May/2022:20:21:22 +0000] "GET /api/v1/users HTTP/1.1" 200 947
::1 - - [11/May/2022:20:22:06 +0000] "GET /api/v1/users/627c0f79c61f9f52887890df HTTP/1.1" 200 129
::1 - - [11/May/2022:20:22:10 +0000] "GET /api/v1/users HTTP/1.1" 304 -
::1 - - [11/May/2022:20:22:15 +0000] "GET /api/v1/users HTTP/1.1" 304 -
